<?xml version="1.0" encoding="UTF-8"?>
<!-- Generated by org.testng.reporters.JUnitReportReporter -->
<testsuite hostname="Acer" failures="0" tests="1" name="Try.Cart" time="6.040" errors="0" timestamp="2024-02-19T19:03:11 NPT" skipped="0">
  <testcase classname="Try.Cart" name="Add" time="6.040"/>
  <system-out/>
</testsuite> <!-- Try.Cart -->
