<?xml version="1.0" encoding="UTF-8"?>
<!-- Generated by org.testng.reporters.JUnitReportReporter -->
<testsuite hostname="Acer" failures="0" tests="2" name="Project.Ecommerce" time="16.698" errors="0" timestamp="2024-02-19T18:52:40 NPT" skipped="0">
  <testcase classname="Project.Ecommerce" name="Login" time="11.591"/>
  <system-out/>
  <testcase classname="Project.Ecommerce" name="AddToCart" time="5.107"/>
  <system-out/>
</testsuite> <!-- Project.Ecommerce -->
